<?xml version="1.0" encoding="utf-8"?>
<coverage line-rate="0.7974" branch-rate="0.9347" version="1.9" timestamp="1782298118" lines-covered="1606" lines-valid="2014" branches-covered="43" branches-valid="46">
  <sources>
    <source>D:\FPS-Project-Profitability-VLA-Regression\src\Apha.FPSApps\Apha.FPSApps.Application\</source>
  </sources>
  <packages>
    <package name="Apha.FPSApps.Application" line-rate="0.7974" branch-rate="0.9347" complexity="1438">
      <classes>
        <class name="Apha.FPSApps.Application.Validation.BusinessValidationError" filename="Validation\BusinessValidationError.cs" line-rate="1" branch-rate="1" complexity="4">
          <methods>
            <method name="get_Message" signature="()" line-rate="1" branch-rate="1" complexity="1">
              <lines>
                <line number="5" hits="11" branch="False" />
              </lines>
            </method>
            <method name="get_Code" signature="()" line-rate="1" branch-rate="1" complexity="1">
              <lines>
                <line number="6" hits="19" branch="False" />
              </lines>
            </method>
            <method name="get_Details" signature="()" line-rate="1" branch-rate="1" complexity="1">
              <lines>
                <line number="7" hits="10" branch="False" />
              </lines>
            </method>
            <method name=".ctor" signature="(System.String,System.String,System.Object)" line-rate="1" branch-rate="1" complexity="1">
              <lines>
                <line number="9" hits="10" branch="False" />
                <line number="10" hits="10" branch="False" />
                <line number="11" hits="10" branch="False" />
                <line number="12" hits="10" branch="False" />
                <line number="13" hits="10" branch="False" />
                <line number="14" hits="10" branch="False" />
              </lines>
            </method>
          </methods>
          <lines>
            <line number="5" hits="11" branch="False" />
            <line number="6" hits="19" branch="False" />
            <line number="7" hits="10" branch="False" />
            <line number="9" hits="10" branch="False" />
            <line number="10" hits="10" branch="False" />
            <line number="11" hits="10" branch="False" />
            <line number="12" hits="10" branch="False" />
            <line number="13" hits="10" branch="False" />
            <line number="14" hits="10" branch="False" />
          </lines>
        </class>
        <class name="Apha.FPSApps.Application.Validation.BusinessValidationErrorException" filename="Validation\BusinessValidationErrorException.cs" line-rate="1" branch-rate="1" complexity="4">
          <methods>
            <method name="get_Status" signature="()" line-rate="1" branch-rate="1" complexity="1">
              <lines>
                <line number="5" hits="10" branch="False" />
              </lines>
            </method>
            <method name="get_ExceptionMessage" signature="()" line-rate="1" branch-rate="1" complexity="1">
              <lines>
                <line number="6" hits="10" branch="False" />
              </lines>
            </method>
            <method name="get_Errors" signature="()" line-rate="1" branch-rate="1" complexity="1">
              <lines>
                <line number="9" hits="29" branch="False" />
              </lines>
            </method>
            <method name=".ctor" signature="(System.Collections.Generic.List`1&lt;Apha.FPSApps.Application.Validation.BusinessValidationError&gt;)" line-rate="1" branch-rate="1" complexity="1">
              <lines>
                <line number="11" hits="10" branch="False" />
                <line number="12" hits="10" branch="False" />
                <line number="13" hits="10" branch="False" />
                <line number="14" hits="10" branch="False" />
              </lines>
            </method>
          </methods>
          <lines>
            <line number="5" hits="10" branch="False" />
            <line number="6" hits="10" branch="False" />
            <line number="9" hits="29" branch="False" />
            <line number="11" hits="10" branch="False" />
            <line number="12" hits="10" branch="False" />
            <line number="13" hits="10" branch="False" />
            <line number="14" hits="10" branch="False" />
          </lines>
        </class>
        <class name="Apha.FPSApps.Application.Validation.ValidationError" filename="Validation\ValidationError.cs" line-rate="0" branch-rate="1" complexity="4">
          <methods>
            <method name="get_Field" signature="()" line-rate="0" branch-rate="1" complexity="1">
              <lines>
                <line number="5" hits="0" branch="False" />
              </lines>
            </method>
            <method name="get_Message" signature="()" line-rate="0" branch-rate="1" complexity="1">
              <lines>
                <line number="6" hits="0" branch="False" />
              </lines>
            </method>
            <method name="get_Code" signature="()" line-rate="0" branch-rate="1" complexity="1">
              <lines>
                <line number="7" hits="0" branch="False" />
              </lines>
            </method>
            <method name=".ctor" signature="(System.String,System.String,System.String)" line-rate="0" branch-rate="1" complexity="1">
              <lines>
                <line number="9" hits="0" branch="False" />
                <line number="10" hits="0" branch="False" />
                <line number="11" hits="0" branch="False" />
                <line number="12" hits="0" branch="False" />
                <line number="13" hits="0" branch="False" />
                <line number="14" hits="0" branch="False" />
              </lines>
            </method>
          </methods>
          <lines>
            <line number="5" hits="0" branch="False" />
            <line number="6" hits="0" branch="False" />
            <line number="7" hits="0" branch="False" />
            <line number="9" hits="0" branch="False" />
            <line number="10" hits="0" branch="False" />
            <line number="11" hits="0" branch="False" />
            <line number="12" hits="0" branch="False" />
            <line number="13" hits="0" branch="False" />
            <line number="14" hits="0" branch="False" />
          </lines>
        </class>
        <class name="Apha.FPSApps.Application.Validation.ValidationErrorResponse" filename="Validation\ValidationErrorResponse.cs" line-rate="0" branch-rate="1" complexity="4">
          <methods>
            <method name="get_Status" signature="()" line-rate="0" branch-rate="1" complexity="1">
              <lines>
                <line number="5" hits="0" branch="False" />
              </lines>
            </method>
            <method name="get_Message" signature="()" line-rate="0" branch-rate="1" complexity="1">
              <lines>
                <line number="6" hits="0" branch="False" />
              </lines>
            </method>
            <method name="get_Errors" signature="()" line-rate="0" branch-rate="1" complexity="1">
              <lines>
                <line number="7" hits="0" branch="False" />
              </lines>
            </method>
            <method name=".ctor" signature="(System.Collections.Generic.List`1&lt;Apha.FPSApps.Application.Validation.ValidationError&gt;)" line-rate="0" branch-rate="1" complexity="1">
              <lines>
                <line number="9" hits="0" branch="False" />
                <line number="10" hits="0" branch="False" />
                <line number="11" hits="0" branch="False" />
                <line number="12" hits="0" branch="False" />
              </lines>
            </method>
          </methods>
          <lines>
            <line number="5" hits="0" branch="False" />
            <line number="6" hits="0" branch="False" />
            <line number="7" hits="0" branch="False" />
            <line number="9" hits="0" branch="False" />
            <line number="10" hits="0" branch="False" />
            <line number="11" hits="0" branch="False" />
            <line number="12" hits="0" branch="False" />
          </lines>
        </class>
        <class name="Apha.FPSApps.Application.Services.PIMS.MilestoneService" filename="Services\PIMS\MilestoneService.cs" line-rate="1" branch-rate="1" complexity="1">
          <methods>
            <method name=".ctor" signature="(Apha.FPSApps.Application.Interfaces.PimsApiClients.IPimsApiClient)" line-rate="1" branch-rate="1" complexity="1">
              <lines>
                <line number="15" hits="38" branch="False" />
                <line number="16" hits="38" branch="False" />
                <line number="17" hits="38" branch="False" />
                <line number="18" hits="38" branch="False" />
              </lines>
            </method>
          </methods>
          <lines>
            <line number="15" hits="38" branch="False" />
            <line number="16" hits="38" branch="False" />
            <line number="17" hits="38" branch="False" />
            <line number="18" hits="38" branch="False" />
          </lines>
        </class>
        <class name="Apha.FPSApps.Application.Services.PIMS.MilestoneService/&lt;DeleteMilestoneAsync&gt;d__6" filename="Services\PIMS\MilestoneService.cs" line-rate="1" branch-rate="1" complexity="1">
          <methods>
            <method name="MoveNext" signature="()" line-rate="1" branch-rate="1" complexity="1">
              <lines>
                <line number="33" hits="3" branch="False" />
              </lines>
            </method>
          </methods>
          <lines>
            <line number="33" hits="3" branch="False" />
          </lines>
        </class>
        <class name="Apha.FPSApps.Application.Services.PIMS.MilestoneService/&lt;DeleteMilestoneFormDatesAsync&gt;d__12" filename="Services\PIMS\MilestoneService.cs" line-rate="1" branch-rate="1" complexity="1">
          <methods>
            <method name="MoveNext" signature="()" line-rate="1" branch-rate="1" complexity="1">
              <lines>
                <line number="52" hits="3" branch="False" />
              </lines>
            </method>
          </methods>
          <lines>
            <line number="52" hits="3" branch="False" />
          </lines>
        </class>
        <class name="Apha.FPSApps.Application.Services.PIMS.MilestoneService/&lt;GetAllMilestoneFormDatesAsync&gt;d__9" filename="Services\PIMS\MilestoneService.cs" line-rate="1" branch-rate="1" complexity="1">
          <methods>
            <method name="MoveNext" signature="()" line-rate="1" branch-rate="1" complexity="1">
              <lines>
                <line number="43" hits="3" branch="False" />
              </lines>
            </method>
          </methods>
          <lines>
            <line number="43" hits="3" branch="False" />
          </lines>
        </class>
        <class name="Apha.FPSApps.Application.Services.PIMS.MilestoneService/&lt;GetAllMilestonesAsync&gt;d__2" filename="Services\PIMS\MilestoneService.cs" line-rate="1" branch-rate="1" complexity="1">
          <methods>
            <method name="MoveNext" signature="()" line-rate="1" branch-rate="1" complexity="1">
              <lines>
                <line number="21" hits="3" branch="False" />
              </lines>
            </method>
          </methods>
          <lines>
            <line number="21" hits="3" branch="False" />
          </lines>
        </class>
        <class name="Apha.FPSApps.Application.Services.PIMS.MilestoneService/&lt;GetLogMilestonesAsync&gt;d__13" filename="Services\PIMS\MilestoneService.cs" line-rate="1" branch-rate="1" complexity="1">
          <methods>
            <method name="MoveNext" signature="()" line-rate="1" branch-rate="1" complexity="1">
              <lines>
                <line number="55" hits="4" branch="False" />
              </lines>
            </method>
          </methods>
          <lines>
            <line number="55" hits="4" branch="False" />
          </lines>
        </class>
        <class name="Apha.FPSApps.Application.Services.PIMS.MilestoneService/&lt;GetMilestoneAsync&gt;d__3" filename="Services\PIMS\MilestoneService.cs" line-rate="1" branch-rate="1" complexity="1">
          <methods>
            <method name="MoveNext" signature="()" line-rate="1" branch-rate="1" complexity="1">
              <lines>
                <line number="24" hits="3" branch="False" />
              </lines>
            </method>
          </methods>
          <lines>
            <line number="24" hits="3" branch="False" />
          </lines>
        </class>
        <class name="Apha.FPSApps.Application.Services.PIMS.MilestoneService/&lt;GetMilestoneFormDatesAsync&gt;d__10" filename="Services\PIMS\MilestoneService.cs" line-rate="1" branch-rate="1" complexity="1">
          <methods>
            <method name="MoveNext" signature="()" line-rate="1" branch-rate="1" complexity="1">
              <lines>
                <line number="46" hits="3" branch="False" />
              </lines>
            </method>
          </methods>
          <lines>
            <line number="46" hits="3" branch="False" />
          </lines>
        </class>
        <class name="Apha.FPSApps.Application.Services.PIMS.MilestoneService/&lt;GetMilestoneTypesAsync&gt;d__8" filename="Services\PIMS\MilestoneService.cs" line-rate="1" branch-rate="1" complexity="1">
          <methods>
            <method name="MoveNext" signature="()" line-rate="1" branch-rate="1" complexity="1">
              <lines>
                <line number="39" hits="3" branch="False" />
              </lines>
            </method>
          </methods>
          <lines>
            <line number="39" hits="3" branch="False" />
          </lines>
        </class>
        <class name="Apha.FPSApps.Application.Services.PIMS.MilestoneService/&lt;SaveMilestoneAsync&gt;d__4" filename="Services\PIMS\MilestoneService.cs" line-rate="1" branch-rate="1" complexity="1">
          <methods>
            <method name="MoveNext" signature="()" line-rate="1" branch-rate="1" complexity="1">
              <lines>
                <line number="27" hits="3" branch="False" />
              </lines>
            </method>
          </methods>
          <lines>
            <line number="27" hits="3" branch="False" />
          </lines>
        </class>
        <class name="Apha.FPSApps.Application.Services.PIMS.MilestoneService/&lt;SaveMilestoneFormDatesAsync&gt;d__11" filename="Services\PIMS\MilestoneService.cs" line-rate="1" branch-rate="1" complexity="1">
          <methods>
            <method name="MoveNext" signature="()" line-rate="1" branch-rate="1" complexity="1">
              <lines>
                <line number="49" hits="3" branch="False" />
              </lines>
            </method>
          </methods>
          <lines>
            <line number="49" hits="3" branch="False" />
          </lines>
        </class>
        <class name="Apha.FPSApps.Application.Services.PIMS.MilestoneService/&lt;UpdateFormRequiredAsync&gt;d__7" filename="Services\PIMS\MilestoneService.cs" line-rate="1" branch-rate="1" complexity="1">
          <methods>
            <method name="MoveNext" signature="()" line-rate="1" branch-rate="1" complexity="1">
              <lines>
                <line number="36" hits="4" branch="False" />
              </lines>
            </method>
          </methods>
          <lines>
            <line number="36" hits="4" branch="False" />
          </lines>
        </class>
        <class name="Apha.FPSApps.Application.Services.PIMS.MilestoneService/&lt;UpdateMilestoneAsync&gt;d__5" filename="Services\PIMS\MilestoneService.cs" line-rate="1" branch-rate="1" complexity="1">
          <methods>
            <method name="MoveNext" signature="()" line-rate="1" branch-rate="1" complexity="1">
              <lines>
                <line number="30" hits="3" branch="False" />
              </lines>
            </method>
          </methods>
          <lines>
            <line number="30" hits="3" branch="False" />
          </lines>
        </class>
        <class name="Apha.FPSApps.Application.Services.PIMS.ProjectCommentService" filename="Services\PIMS\ProjectCommentService.cs" line-rate="1" branch-rate="1" complexity="1">
          <methods>
            <method name=".ctor" signature="(Apha.FPSApps.Application.Interfaces.PimsApiClients.IPimsApiClient)" line-rate="1" branch-rate="1" complexity="1">
              <lines>
                <line number="16" hits="18" branch="False" />
                <line number="17" hits="18" branch="False" />
                <line number="18" hits="18" branch="False" />
                <line number="19" hits="18" branch="False" />
              </lines>
            </method>
          </methods>
          <lines>
            <line number="16" hits="18" branch="False" />
            <line number="17" hits="18" branch="False" />
            <line number="18" hits="18" branch="False" />
            <line number="19" hits="18" branch="False" />
          </lines>
        </class>
        <class name="Apha.FPSApps.Application.Services.PIMS.ProjectCommentService/&lt;CreateCommentAsync&gt;d__4" filename="Services\PIMS\ProjectCommentService.cs" line-rate="1" branch-rate="1" complexity="1">
          <methods>
            <method name="MoveNext" signature="()" line-rate="1" branch-rate="1" complexity="1">
              <lines>
                <line number="28" hits="3" branch="False" />
              </lines>
            </method>
          </methods>
          <lines>
            <line number="28" hits="3" branch="False" />
          </lines>
        </class>
        <class name="Apha.FPSApps.Application.Services.PIMS.ProjectCommentService/&lt;DeleteCommentAsync&gt;d__6" filename="Services\PIMS\ProjectCommentService.cs" line-rate="1" branch-rate="1" complexity="1">
          <methods>
            <method name="MoveNext" signature="()" line-rate="1" branch-rate="1" complexity="1">
              <lines>
                <line number="34" hits="3" branch="False" />
              </lines>
            </method>
          </methods>
          <lines>
            <line number="34" hits="3" branch="False" />
          </lines>
        </class>
        <class name="Apha.FPSApps.Application.Services.PIMS.ProjectCommentService/&lt;GetByIdAsync&gt;d__3" filename="Services\PIMS\ProjectCommentService.cs" line-rate="1" branch-rate="1" complexity="1">
          <methods>
            <method name="MoveNext" signature="()" line-rate="1" branch-rate="1" complexity="1">
              <lines>
                <line number="25" hits="3" branch="False" />
              </lines>
            </method>
          </methods>
          <lines>
            <line number="25" hits="3" branch="False" />
          </lines>
        </class>
        <class name="Apha.FPSApps.Application.Services.PIMS.ProjectCommentService/&lt;GetCommentTopicsAsync&gt;d__7" filename="Services\PIMS\ProjectCommentService.cs" line-rate="0" branch-rate="1" complexity="1">
          <methods>
            <method name="MoveNext" signature="()" line-rate="0" branch-rate="1" complexity="1">
              <lines>
                <line number="37" hits="0" branch="False" />
              </lines>
            </method>
          </methods>
          <lines>
            <line number="37" hits="0" branch="False" />
          </lines>
        </class>
        <class name="Apha.FPSApps.Application.Services.PIMS.ProjectCommentService/&lt;GetCommentsByProjectAsync&gt;d__2" filename="Services\PIMS\ProjectCommentService.cs" line-rate="1" branch-rate="1" complexity="1">
          <methods>
            <method name="MoveNext" signature="()" line-rate="1" branch-rate="1" complexity="1">
              <lines>
                <line number="22" hits="4" branch="False" />
              </lines>
            </method>
          </methods>
          <lines>
            <line number="22" hits="4" branch="False" />
          </lines>
        </class>
        <class name="Apha.FPSApps.Application.Services.PIMS.ProjectCommentService/&lt;UpdateCommentAsync&gt;d__5" filename="Services\PIMS\ProjectCommentService.cs" line-rate="1" branch-rate="1" complexity="1">
          <methods>
            <method name="MoveNext" signature="()" line-rate="1" branch-rate="1" complexity="1">
              <lines>
                <line number="31" hits="3" branch="False" />
              </lines>
            </method>
          </methods>
          <lines>
            <line number="31" hits="3" branch="False" />
          </lines>
        </class>
        <class name="Apha.FPSApps.Application.Services.PIMS.ProjectDetailsService" filename="Services\PIMS\ProjectDetailsService.cs" line-rate="1" branch-rate="1" complexity="1">
          <methods>
            <method name=".ctor" signature="(Apha.FPSApps.Application.Interfaces.PimsApiClients.IPimsApiClient)" line-rate="1" branch-rate="1" complexity="1">
              <lines>
                <line number="15" hits="20" branch="False" />
                <line number="16" hits="20" branch="False" />
                <line number="17" hits="20" branch="False" />
                <line number="18" hits="20" branch="False" />
              </lines>
            </method>
          </methods>
          <lines>
            <line number="15" hits="20" branch="False" />
            <line number="16" hits="20" branch="False" />
            <line number="17" hits="20" branch="False" />
            <line number="18" hits="20" branch="False" />
          </lines>
        </class>
        <class name="Apha.FPSApps.Application.Services.PIMS.ProjectDetailsService/&lt;GetAllRiskAsync&gt;d__6" filename="Services\PIMS\ProjectDetailsService.cs" line-rate="1" branch-rate="1" complexity="1">
          <methods>
            <method name="MoveNext" signature="()" line-rate="1" branch-rate="1" complexity="1">
              <lines>
                <line number="33" hits="3" branch="False" />
              </lines>
            </method>
          </methods>
          <lines>
            <line number="33" hits="3" branch="False" />
          </lines>
        </class>
        <class name="Apha.FPSApps.Application.Services.PIMS.ProjectDetailsService/&lt;GetAllYearAsync&gt;d__7" filename="Services\PIMS\ProjectDetailsService.cs" line-rate="1" branch-rate="1" complexity="1">
          <methods>
            <method name="MoveNext" signature="()" line-rate="1" branch-rate="1" complexity="1">
              <lines>
                <line number="36" hits="3" branch="False" />
              </lines>
            </method>
          </methods>
          <lines>
            <line number="36" hits="3" branch="False" />
          </lines>
        </class>
        <class name="Apha.FPSApps.Application.Services.PIMS.ProjectDetailsService/&lt;GetFpsProjectAsync&gt;d__8" filename="Services\PIMS\ProjectDetailsService.cs" line-rate="0" branch-rate="1" complexity="1">
          <methods>
            <method name="MoveNext" signature="()" line-rate="0" branch-rate="1" complexity="1">
              <lines>
                <line number="39" hits="0" branch="False" />
              </lines>
            </method>
          </methods>
          <lines>
            <line number="39" hits="0" branch="False" />
          </lines>
        </class>
        <class name="Apha.FPSApps.Application.Services.PIMS.ProjectDetailsService/&lt;GetPimsDetailAsync&gt;d__2" filename="Services\PIMS\ProjectDetailsService.cs" line-rate="1" branch-rate="1" complexity="1">
          <methods>
            <method name="MoveNext" signature="()" line-rate="1" branch-rate="1" complexity="1">
              <lines>
                <line number="21" hits="3" branch="False" />
              </lines>
            </method>
          </methods>
          <lines>
            <line number="21" hits="3" branch="False" />
          </lines>
        </class>
        <class name="Apha.FPSApps.Application.Services.PIMS.ProjectDetailsService/&lt;GetProposedProjectAsync&gt;d__4" filename="Services\PIMS\ProjectDetailsService.cs" line-rate="1" branch-rate="1" complexity="1">
          <methods>
            <method name="MoveNext" signature="()" line-rate="1" branch-rate="1" complexity="1">
              <lines>
                <line number="27" hits="3" branch="False" />
              </lines>
            </method>
          </methods>
          <lines>
            <line number="27" hits="3" branch="False" />
          </lines>
        </class>
        <class name="Apha.FPSApps.Application.Services.PIMS.ProjectDetailsService/&lt;SavePimsDetailAsync&gt;d__3" filename="Services\PIMS\ProjectDetailsService.cs" line-rate="1" branch-rate="1" complexity="1">
          <methods>
            <method name="MoveNext" signature="()" line-rate="1" branch-rate="1" complexity="1">
              <lines>
                <line number="24" hits="3" branch="False" />
              </lines>
            </method>
          </methods>
          <lines>
            <line number="24" hits="3" branch="False" />
          </lines>
        </class>
        <class name="Apha.FPSApps.Application.Services.PIMS.ProjectDetailsService/&lt;UpdateProposedProjectAsync&gt;d__5" filename="Services\PIMS\ProjectDetailsService.cs" line-rate="1" branch-rate="1" complexity="1">
          <methods>
            <method name="MoveNext" signature="()" line-rate="1" branch-rate="1" complexity="1">
              <lines>
                <line number="30" hits="3" branch="False" />
              </lines>
            </method>
          </methods>
          <lines>
            <line number="30" hits="3" branch="False" />
          </lines>
        </class>
        <class name="Apha.FPSApps.Application.Services.PIMS.ProjectListService" filename="Services\PIMS\ProjectListService.cs" line-rate="1" branch-rate="1" complexity="1">
          <methods>
            <method name=".ctor" signature="(Apha.FPSApps.Application.Interfaces.PimsApiClients.IPimsApiClient)" line-rate="1" branch-rate="1" complexity="1">
              <lines>
                <line number="13" hits="23" branch="False" />
                <line number="14" hits="23" branch="False" />
                <line number="15" hits="23" branch="False" />
                <line number="16" hits="23" branch="False" />
              </lines>
            </method>
          </methods>
          <lines>
            <line number="13" hits="23" branch="False" />
            <line number="14" hits="23" branch="False" />
            <line number="15" hits="23" branch="False" />
            <line number="16" hits="23" branch="False" />
          </lines>
        </class>
        <class name="Apha.FPSApps.Application.Services.PIMS.ProjectListService/&lt;GetAllProjectsAsync&gt;d__2" filename="Services\PIMS\ProjectListService.cs" line-rate="1" branch-rate="1" complexity="1">
          <methods>
            <method name="MoveNext" signature="()" line-rate="1" branch-rate="1" complexity="1">
              <lines>
                <line number="19" hits="4" branch="False" />
              </lines>
            </method>
          </methods>
          <lines>
            <line number="19" hits="4" branch="False" />
          </lines>
        </class>
        <class name="Apha.FPSApps.Application.Services.PIMS.ProjectListService/&lt;GetAllProjectsForMilestoneAsync&gt;d__7" filename="Services\PIMS\ProjectListService.cs" line-rate="1" branch-rate="1" complexity="1">
          <methods>
            <method name="MoveNext" signature="()" line-rate="1" branch-rate="1" complexity="1">
              <lines>
                <line number="33" hits="4" branch="False" />
              </lines>
            </method>
          </methods>
          <lines>
            <line number="33" hits="4" branch="False" />
          </lines>
        </class>
        <class name="Apha.FPSApps.Application.Services.PIMS.ProjectListService/&lt;GetAllProjectsListAsync&gt;d__3" filename="Services\PIMS\ProjectListService.cs" line-rate="1" branch-rate="1" complexity="1">
          <methods>
            <method name="MoveNext" signature="()" line-rate="1" branch-rate="1" complexity="1">
              <lines>
                <line number="22" hits="3" branch="False" />
              </lines>
            </method>
          </methods>
          <lines>
            <line number="22" hits="3" branch="False" />
          </lines>
        </class>
        <class name="Apha.FPSApps.Application.Services.PIMS.ProjectListService/&lt;GetFpsProjectByIdAsync&gt;d__4" filename="Services\PIMS\ProjectListService.cs" line-rate="1" branch-rate="1" complexity="1">
          <methods>
            <method name="MoveNext" signature="()" line-rate="1" branch-rate="1" complexity="1">
              <lines>
                <line number="25" hits="3" branch="False" />
              </lines>
            </method>
          </methods>
          <lines>
            <line number="25" hits="3" branch="False" />
          </lines>
        </class>
        <class name="Apha.FPSApps.Application.Services.PIMS.ProjectListService/&lt;GetProposedProjectByIdAsync&gt;d__5" filename="Services\PIMS\ProjectListService.cs" line-rate="1" branch-rate="1" complexity="1">
          <methods>
            <method name="MoveNext" signature="()" line-rate="1" branch-rate="1" complexity="1">
              <lines>
                <line number="28" hits="3" branch="False" />
              </lines>
            </method>
          </methods>
          <lines>
            <line number="28" hits="3" branch="False" />
          </lines>
        </class>
        <class name="Apha.FPSApps.Application.Services.PIMS.ProjectListService/&lt;GetYearlyDetailsByProjectAsync&gt;d__6" filename="Services\PIMS\ProjectListService.cs" line-rate="1" branch-rate="1" complexity="1">
          <methods>
            <method name="MoveNext" signature="()" line-rate="1" branch-rate="1" complexity="1">
              <lines>
                <line number="31" hits="4" branch="False" />
              </lines>
            </method>
          </methods>
          <lines>
            <line number="31" hits="4" branch="False" />
          </lines>
        </class>
        <class name="Apha.FPSApps.Application.Services.PIMS.ProjectYearCostsService" filename="Services\PIMS\ProjectYearCostsService.cs" line-rate="1" branch-rate="1" complexity="2">
          <methods>
            <method name="ExportProjectYearCostsToExcelAsync" signature="(System.String,System.Int16)" line-rate="1" branch-rate="1" complexity="1">
              <lines>
                <line number="55" hits="3" branch="False" />
              </lines>
            </method>
            <method name=".ctor" signature="(Apha.FPSApps.Application.Interfaces.PimsApiClients.IPimsApiClient)" line-rate="1" branch-rate="1" complexity="1">
              <lines>
                <line number="13" hits="51" branch="False" />
                <line number="14" hits="51" branch="False" />
                <line number="15" hits="51" branch="False" />
                <line number="16" hits="51" branch="False" />
              </lines>
            </method>
          </methods>
          <lines>
            <line number="55" hits="3" branch="False" />
            <line number="13" hits="51" branch="False" />
            <line number="14" hits="51" branch="False" />
            <line number="15" hits="51" branch="False" />
            <line number="16" hits="51" branch="False" />
          </lines>
        </class>
        <class name="Apha.FPSApps.Application.Services.PIMS.ProjectYearCostsService/&lt;GetAdditionalActualsAsync&gt;d__2" filename="Services\PIMS\ProjectYearCostsService.cs" line-rate="1" branch-rate="1" complexity="1">
          <methods>
            <method name="MoveNext" signature="()" line-rate="1" branch-rate="1" complexity="1">
              <lines>
                <line number="19" hits="4" branch="False" />
              </lines>
            </method>
          </methods>
          <lines>
            <line number="19" hits="4" branch="False" />
          </lines>
        </class>
        <class name="Apha.FPSApps.Application.Services.PIMS.ProjectYearCostsService/&lt;GetAdditionalPlansAsync&gt;d__3" filename="Services\PIMS\ProjectYearCostsService.cs" line-rate="1" branch-rate="1" complexity="1">
          <methods>
            <method name="MoveNext" signature="()" line-rate="1" branch-rate="1" complexity="1">
              <lines>
                <line number="22" hits="4" branch="False" />
              </lines>
            </method>
          </methods>
          <lines>
            <line number="22" hits="4" branch="False" />
          </lines>
        </class>
        <class name="Apha.FPSApps.Application.Services.PIMS.ProjectYearCostsService/&lt;GetAnimalActualsAsync&gt;d__4" filename="Services\PIMS\ProjectYearCostsService.cs" line-rate="1" branch-rate="1" complexity="1">
          <methods>
            <method name="MoveNext" signature="()" line-rate="1" branch-rate="1" complexity="1">
              <lines>
                <line number="25" hits="4" branch="False" />
              </lines>
            </method>
          </methods>
          <lines>
            <line number="25" hits="4" branch="False" />
          </lines>
        </class>
        <class name="Apha.FPSApps.Application.Services.PIMS.ProjectYearCostsService/&lt;GetAnimalPlansAsync&gt;d__5" filename="Services\PIMS\ProjectYearCostsService.cs" line-rate="1" branch-rate="1" complexity="1">
          <methods>
            <method name="MoveNext" signature="()" line-rate="1" branch-rate="1" complexity="1">
              <lines>
                <line number="28" hits="4" branch="False" />
              </lines>
            </method>
          </methods>
          <lines>
            <line number="28" hits="4" branch="False" />
          </lines>
        </class>
        <class name="Apha.FPSApps.Application.Services.PIMS.ProjectYearCostsService/&lt;GetFpsYearTotalsAsync&gt;d__13" filename="Services\PIMS\ProjectYearCostsService.cs" line-rate="1" branch-rate="1" complexity="1">
          <methods>
            <method name="MoveNext" signature="()" line-rate="1" branch-rate="1" complexity="1">
              <lines>
                <line number="52" hits="3" branch="False" />
              </lines>
            </method>
          </methods>
          <lines>
            <line number="52" hits="3" branch="False" />
          </lines>
        </class>
        <class name="Apha.FPSApps.Application.Services.PIMS.ProjectYearCostsService/&lt;GetMonthlyPactDataAsync&gt;d__12" filename="Services\PIMS\ProjectYearCostsService.cs" line-rate="1" branch-rate="1" complexity="1">
          <methods>
            <method name="MoveNext" signature="()" line-rate="1" branch-rate="1" complexity="1">
              <lines>
                <line number="49" hits="4" branch="False" />
              </lines>
            </method>
          </methods>
          <lines>
            <line number="49" hits="4" branch="False" />
          </lines>
        </class>
        <class name="Apha.FPSApps.Application.Services.PIMS.ProjectYearCostsService/&lt;GetPactPayAsync&gt;d__11" filename="Services\PIMS\ProjectYearCostsService.cs" line-rate="1" branch-rate="1" complexity="1">
          <methods>
            <method name="MoveNext" signature="()" line-rate="1" branch-rate="1" complexity="1">
              <lines>
                <line number="46" hits="4" branch="False" />
              </lines>
            </method>
          </methods>
          <lines>
            <line number="46" hits="4" branch="False" />
          </lines>
        </class>
        <class name="Apha.FPSApps.Application.Services.PIMS.ProjectYearCostsService/&lt;GetProjectYearDetailsAsync&gt;d__10" filename="Services\PIMS\ProjectYearCostsService.cs" line-rate="1" branch-rate="1" complexity="1">
          <methods>
            <method name="MoveNext" signature="()" line-rate="1" branch-rate="1" complexity="1">
              <lines>
                <line number="43" hits="3" branch="False" />
              </lines>
            </method>
          </methods>
          <lines>
            <line number="43" hits="3" branch="False" />
          </lines>
        </class>
        <class name="Apha.FPSApps.Application.Services.PIMS.ProjectYearCostsService/&lt;GetStaffActualsAsync&gt;d__9" filename="Services\PIMS\ProjectYearCostsService.cs" line-rate="1" branch-rate="1" complexity="1">
          <methods>
            <method name="MoveNext" signature="()" line-rate="1" branch-rate="1" complexity="1">
              <lines>
                <line number="40" hits="4" branch="False" />
              </lines>
            </method>
          </methods>
          <lines>
            <line number="40" hits="4" branch="False" />
          </lines>
        </class>
        <class name="Apha.FPSApps.Application.Services.PIMS.ProjectYearCostsService/&lt;GetStaffPlansAsync&gt;d__8" filename="Services\PIMS\ProjectYearCostsService.cs" line-rate="1" branch-rate="1" complexity="1">
          <methods>
            <method name="MoveNext" signature="()" line-rate="1" branch-rate="1" complexity="1">
              <lines>
                <line number="37" hits="4" branch="False" />
              </lines>
            </method>
          </methods>
          <lines>
            <line number="37" hits="4" branch="False" />
          </lines>
        </class>
        <class name="Apha.FPSApps.Application.Services.PIMS.ProjectYearCostsService/&lt;GetTestActualsAsync&gt;d__7" filename="Services\PIMS\ProjectYearCostsService.cs" line-rate="1" branch-rate="1" complexity="1">
          <methods>
            <method name="MoveNext" signature="()" line-rate="1" branch-rate="1" complexity="1">
              <lines>
                <line number="34" hits="4" branch="False" />
              </lines>
            </method>
          </methods>
          <lines>
            <line number="34" hits="4" branch="False" />
          </lines>
        </class>
        <class name="Apha.FPSApps.Application.Services.PIMS.ProjectYearCostsService/&lt;GetTestPlansAsync&gt;d__6" filename="Services\PIMS\ProjectYearCostsService.cs" line-rate="1" branch-rate="1" complexity="1">
          <methods>
            <method name="MoveNext" signature="()" line-rate="1" branch-rate="1" complexity="1">
              <lines>
                <line number="31" hits="4" branch="False" />
              </lines>
            </method>
          </methods>
          <lines>
            <line number="31" hits="4" branch="False" />
          </lines>
        </class>
        <class name="Apha.FPSApps.Application.Services.PIMS.ProposedProjectService" filename="Services\PIMS\ProposedProjectService.cs" line-rate="1" branch-rate="1" complexity="1">
          <methods>
            <method name=".ctor" signature="(Apha.FPSApps.Application.Interfaces.PimsApiClients.IPimsApiClient)" line-rate="1" branch-rate="1" complexity="1">
              <lines>
                <line number="12" hits="18" branch="False" />
                <line number="13" hits="18" branch="False" />
                <line number="14" hits="18" branch="False" />
                <line number="15" hits="18" branch="False" />
              </lines>
            </method>
          </methods>
          <lines>
            <line number="12" hits="18" branch="False" />
            <line number="13" hits="18" branch="False" />
            <line number="14" hits="18" branch="False" />
            <line number="15" hits="18" branch="False" />
          </lines>
        </class>
        <class name="Apha.FPSApps.Application.Services.PIMS.ProposedProjectService/&lt;CreateProposedProjectAsync&gt;d__2" filename="Services\PIMS\ProposedProjectService.cs" line-rate="1" branch-rate="1" complexity="1">
          <methods>
            <method name="MoveNext" signature="()" line-rate="1" branch-rate="1" complexity="1">
              <lines>
                <line number="18" hits="4" branch="False" />
              </lines>
            </method>
          </methods>
          <lines>
            <line number="18" hits="4" branch="False" />
          </lines>
        </class>
        <class name="Apha.FPSApps.Application.Services.PIMS.ProposedProjectService/&lt;GetProjectCustomersAsync&gt;d__4" filename="Services\PIMS\ProposedProjectService.cs" line-rate="1" branch-rate="1" complexity="1">
          <methods>
            <method name="MoveNext" signature="()" line-rate="1" branch-rate="1" complexity="1">
              <lines>
                <line number="24" hits="4" branch="False" />
              </lines>
            </method>
          </methods>
          <lines>
            <line number="24" hits="4" branch="False" />
          </lines>
        </class>
        <class name="Apha.FPSApps.Application.Services.PIMS.ProposedProjectService/&lt;GetProjectProgramsAsync&gt;d__3" filename="Services\PIMS\ProposedProjectService.cs" line-rate="1" branch-rate="1" complexity="1">
          <methods>
            <method name="MoveNext" signature="()" line-rate="1" branch-rate="1" complexity="1">
              <lines>
                <line number="21" hits="4" branch="False" />
              </lines>
            </method>
          </methods>
          <lines>
            <line number="21" hits="4" branch="False" />
          </lines>
        </class>
        <class name="Apha.FPSApps.Application.Services.PIMS.ProposedProjectService/&lt;GetProjectStatusesAsync&gt;d__5" filename="Services\PIMS\ProposedProjectService.cs" line-rate="1" branch-rate="1" complexity="1">
          <methods>
            <method name="MoveNext" signature="()" line-rate="1" branch-rate="1" complexity="1">
              <lines>
                <line number="27" hits="4" branch="False" />
              </lines>
            </method>
          </methods>
          <lines>
            <line number="27" hits="4" branch="False" />
          </lines>
        </class>
        <class name="Apha.FPSApps.Application.Services.PACT.CalenderMonthService" filename="Services\PACT\CalenderMonthService.cs" line-rate="1" branch-rate="1" complexity="1">
          <methods>
            <method name=".ctor" signature="(Apha.FPSApps.Application.Interfaces.PactApiClients.IPactApiClient)" line-rate="1" branch-rate="1" complexity="1">
              <lines>
                <line number="12" hits="4" branch="False" />
                <line number="13" hits="4" branch="False" />
                <line number="14" hits="4" branch="False" />
                <line number="15" hits="4" branch="False" />
              </lines>
            </method>
          </methods>
          <lines>
            <line number="12" hits="4" branch="False" />
            <line number="13" hits="4" branch="False" />
            <line number="14" hits="4" branch="False" />
            <line number="15" hits="4" branch="False" />
          </lines>
        </class>
        <class name="Apha.FPSApps.Application.Services.PACT.CalenderMonthService/&lt;GetCalenderMonthsAsync&gt;d__2" filename="Services\PACT\CalenderMonthService.cs" line-rate="1" branch-rate="1" complexity="1">
          <methods>
            <method name="MoveNext" signature="()" line-rate="1" branch-rate="1" complexity="1">
              <lines>
                <line number="18" hits="4" branch="False" />
                <line number="19" hits="4" branch="False" />
                <line number="20" hits="3" branch="False" />
              </lines>
            </method>
          </methods>
          <lines>
            <line number="18" hits="4" branch="False" />
            <line number="19" hits="4" branch="False" />
            <line number="20" hits="3" branch="False" />
          </lines>
        </class>
        <class name="Apha.FPSApps.Application.Services.PACT.MonthService" filename="Services\PACT\MonthService.cs" line-rate="0" branch-rate="1" complexity="1">
          <methods>
            <method name=".ctor" signature="(Apha.FPSApps.Application.Interfaces.PactApiClients.IPactApiClient)" line-rate="0" branch-rate="1" complexity="1">
              <lines>
                <line number="12" hits="0" branch="False" />
                <line number="13" hits="0" branch="False" />
                <line number="14" hits="0" branch="False" />
                <line number="15" hits="0" branch="False" />
              </lines>
            </method>
          </methods>
          <lines>
            <line number="12" hits="0" branch="False" />
            <line number="13" hits="0" branch="False" />
            <line number="14" hits="0" branch="False" />
            <line number="15" hits="0" branch="False" />
          </lines>
        </class>
        <class name="Apha.FPSApps.Application.Services.PACT.MonthService/&lt;GetAllMonthsAsync&gt;d__2" filename="Services\PACT\MonthService.cs" line-rate="0" branch-rate="1" complexity="1">
          <methods>
            <method name="MoveNext" signature="()" line-rate="0" branch-rate="1" complexity="1">
              <lines>
                <line number="18" hits="0" branch="False" />
                <line number="19" hits="0" branch="False" />
                <line number="20" hits="0" branch="False" />
              </lines>
            </method>
          </methods>
          <lines>
            <line number="18" hits="0" branch="False" />
            <line number="19" hits="0" branch="False" />
            <line number="20" hits="0" branch="False" />
          </lines>
        </class>
        <class name="Apha.FPSApps.Application.Services.PACT.PactMonthlyOutputService" filename="Services\PACT\PactMonthlyOutputService.cs" line-rate="1" branch-rate="1" complexity="1">
          <methods>
            <method name=".ctor" signature="(Apha.FPSApps.Application.Interfaces.PactApiClients.IPactApiClient)" line-rate="1" branch-rate="1" complexity="1">
              <lines>
                <line number="13" hits="6" branch="False" />
                <line number="14" hits="6" branch="False" />
                <line number="15" hits="6" branch="False" />
                <line number="16" hits="6" branch="False" />
              </lines>
            </method>
          </methods>
          <lines>
            <line number="13" hits="6" branch="False" />
            <line number="14" hits="6" branch="False" />
            <line number="15" hits="6" branch="False" />
            <line number="16" hits="6" branch="False" />
          </lines>
        </class>
        <class name="Apha.FPSApps.Application.Services.PACT.PactMonthlyOutputService/&lt;SearchAsync&gt;d__2" filename="Services\PACT\PactMonthlyOutputService.cs" line-rate="1" branch-rate="1" complexity="1">
          <methods>
            <method name="MoveNext" signature="()" line-rate="1" branch-rate="1" complexity="1">
              <lines>
                <line number="21" hits="6" branch="False" />
              </lines>
            </method>
          </methods>
          <lines>
            <line number="21" hits="6" branch="False" />
          </lines>
        </class>
        <class name="Apha.FPSApps.Application.Services.PACT.PactMonthlyTimeService" filename="Services\PACT\PactMonthlyTimeService.cs" line-rate="1" branch-rate="1" complexity="1">
          <methods>
            <method name=".ctor" signature="(Apha.FPSApps.Application.Interfaces.PactApiClients.IPactApiClient)" line-rate="1" branch-rate="1" complexity="1">
              <lines>
                <line number="13" hits="6" branch="False" />
                <line number="14" hits="6" branch="False" />
                <line number="15" hits="6" branch="False" />
                <line number="16" hits="6" branch="False" />
              </lines>
            </method>
          </methods>
          <lines>
            <line number="13" hits="6" branch="False" />
            <line number="14" hits="6" branch="False" />
            <line number="15" hits="6" branch="False" />
            <line number="16" hits="6" branch="False" />
          </lines>
        </class>
        <class name="Apha.FPSApps.Application.Services.PACT.PactMonthlyTimeService/&lt;SearchAsync&gt;d__2" filename="Services\PACT\PactMonthlyTimeService.cs" line-rate="1" branch-rate="1" complexity="1">
          <methods>
            <method name="MoveNext" signature="()" line-rate="1" branch-rate="1" complexity="1">
              <lines>
                <line number="21" hits="6" branch="False" />
              </lines>
            </method>
          </methods>
          <lines>
            <line number="21" hits="6" branch="False" />
          </lines>
        </class>
        <class name="Apha.FPSApps.Application.Services.PACT.PactTimeCodeValidService" filename="Services\PACT\PactTimeCodeValidService.cs" line-rate="1" branch-rate="1" complexity="1">
          <methods>
            <method name=".ctor" signature="(Apha.FPSApps.Application.Interfaces.PactApiClients.IPactApiClient)" line-rate="1" branch-rate="1" complexity="1">
              <lines>
                <line number="13" hits="25" branch="False" />
                <line number="14" hits="25" branch="False" />
                <line number="15" hits="25" branch="False" />
                <line number="16" hits="25" branch="False" />
              </lines>
            </method>
          </methods>
          <lines>
            <line number="13" hits="25" branch="False" />
            <line number="14" hits="25" branch="False" />
            <line number="15" hits="25" branch="False" />
            <line number="16" hits="25" branch="False" />
          </lines>
        </class>
        <class name="Apha.FPSApps.Application.Services.PACT.PactTimeCodeValidService/&lt;CopySelectedWorkGroupsAsync&gt;d__12" filename="Services\PACT\PactTimeCodeValidService.cs" line-rate="1" branch-rate="1" complexity="1">
          <methods>
            <method name="MoveNext" signature="()" line-rate="1" branch-rate="1" complexity="1">
              <lines>
                <line number="49" hits="3" branch="False" />
              </lines>
            </method>
          </methods>
          <lines>
            <line number="49" hits="3" branch="False" />
          </lines>
        </class>
        <class name="Apha.FPSApps.Application.Services.PACT.PactTimeCodeValidService/&lt;CopyWorkGroupAsync&gt;d__10" filename="Services\PACT\PactTimeCodeValidService.cs" line-rate="1" branch-rate="1" complexity="1">
          <methods>
            <method name="MoveNext" signature="()" line-rate="1" branch-rate="1" complexity="1">
              <lines>
                <line number="43" hits="2" branch="False" />
              </lines>
            </method>
          </methods>
          <lines>
            <line number="43" hits="2" branch="False" />
          </lines>
        </class>
        <class name="Apha.FPSApps.Application.Services.PACT.PactTimeCodeValidService/&lt;CreateTimeCodeValidAsync&gt;d__6" filename="Services\PACT\PactTimeCodeValidService.cs" line-rate="1" branch-rate="1" complexity="1">
          <methods>
            <method name="MoveNext" signature="()" line-rate="1" branch-rate="1" complexity="1">
              <lines>
                <line number="31" hits="2" branch="False" />
              </lines>
            </method>
          </methods>
          <lines>
            <line number="31" hits="2" branch="False" />
          </lines>
        </class>
        <class name="Apha.FPSApps.Application.Services.PACT.PactTimeCodeValidService/&lt;DeleteAllByJobCodeAsync&gt;d__9" filename="Services\PACT\PactTimeCodeValidService.cs" line-rate="1" branch-rate="1" complexity="1">
          <methods>
            <method name="MoveNext" signature="()" line-rate="1" branch-rate="1" complexity="1">
              <lines>
                <line number="40" hits="2" branch="False" />
              </lines>
            </method>
          </methods>
          <lines>
            <line number="40" hits="2" branch="False" />
          </lines>
        </class>
        <class name="Apha.FPSApps.Application.Services.PACT.PactTimeCodeValidService/&lt;DeleteBulkAsync&gt;d__11" filename="Services\PACT\PactTimeCodeValidService.cs" line-rate="1" branch-rate="1" complexity="1">
          <methods>
            <method name="MoveNext" signature="()" line-rate="1" branch-rate="1" complexity="1">
              <lines>
                <line number="46" hits="3" branch="False" />
              </lines>
            </method>
          </methods>
          <lines>
            <line number="46" hits="3" branch="False" />
          </lines>
        </class>
        <class name="Apha.FPSApps.Application.Services.PACT.PactTimeCodeValidService/&lt;DeleteTimeCodeValidAsync&gt;d__8" filename="Services\PACT\PactTimeCodeValidService.cs" line-rate="1" branch-rate="1" complexity="1">
          <methods>
            <method name="MoveNext" signature="()" line-rate="1" branch-rate="1" complexity="1">
              <lines>
                <line number="37" hits="2" branch="False" />
              </lines>
            </method>
          </methods>
          <lines>
            <line number="37" hits="2" branch="False" />
          </lines>
        </class>
        <class name="Apha.FPSApps.Application.Services.PACT.PactTimeCodeValidService/&lt;GetByJobCodeAsync&gt;d__2" filename="Services\PACT\PactTimeCodeValidService.cs" line-rate="1" branch-rate="1" complexity="1">
          <methods>
            <method name="MoveNext" signature="()" line-rate="1" branch-rate="1" complexity="1">
              <lines>
                <line number="19" hits="3" branch="False" />
              </lines>
            </method>
          </methods>
          <lines>
            <line number="19" hits="3" branch="False" />
          </lines>
        </class>
        <class name="Apha.FPSApps.Application.Services.PACT.PactTimeCodeValidService/&lt;GetPagedByProjectAndTestCodeAsync&gt;d__5" filename="Services\PACT\PactTimeCodeValidService.cs" line-rate="1" branch-rate="1" complexity="1">
          <methods>
            <method name="MoveNext" signature="()" line-rate="1" branch-rate="1" complexity="1">
              <lines>
                <line number="28" hits="2" branch="False" />
              </lines>
            </method>
          </methods>
          <lines>
            <line number="28" hits="2" branch="False" />
          </lines>
        </class>
        <class name="Apha.FPSApps.Application.Services.PACT.PactTimeCodeValidService/&lt;GetPagedTimeCodesAsync&gt;d__4" filename="Services\PACT\PactTimeCodeValidService.cs" line-rate="1" branch-rate="1" complexity="1">
          <methods>
            <method name="MoveNext" signature="()" line-rate="1" branch-rate="1" complexity="1">
              <lines>
                <line number="25" hits="2" branch="False" />
              </lines>
            </method>
          </methods>
          <lines>
            <line number="25" hits="2" branch="False" />
          </lines>
        </class>
        <class name="Apha.FPSApps.Application.Services.PACT.PactTimeCodeValidService/&lt;GetTimeCodeValidAsync&gt;d__3" filename="Services\PACT\PactTimeCodeValidService.cs" line-rate="1" branch-rate="1" complexity="1">
          <methods>
            <method name="MoveNext" signature="()" line-rate="1" branch-rate="1" complexity="1">
              <lines>
                <line number="22" hits="2" branch="False" />
              </lines>
            </method>
          </methods>
          <lines>
            <line number="22" hits="2" branch="False" />
          </lines>
        </class>
        <class name="Apha.FPSApps.Application.Services.PACT.PactTimeCodeValidService/&lt;UpdateTimeCodeValidAsync&gt;d__7" filename="Services\PACT\PactTimeCodeValidService.cs" line-rate="1" branch-rate="1" complexity="1">
          <methods>
            <method name="MoveNext" signature="()" line-rate="1" branch-rate="1" complexity="1">
              <lines>
                <line number="34" hits="2" branch="False" />
              </lines>
            </method>
          </methods>
          <lines>
            <line number="34" hits="2" branch="False" />
          </lines>
        </class>
        <class name="Apha.FPSApps.Application.Services.PACT.ProjectInvoiceService" filename="Services\PACT\ProjectInvoiceService.cs" line-rate="1" branch-rate="1" complexity="1">
          <methods>
            <method name=".ctor" signature="(Apha.FPSApps.Application.Interfaces.PactApiClients.IPactApiClient)" line-rate="1" branch-rate="1" complexity="1">
              <lines>
                <line number="13" hits="25" branch="False" />
                <line number="14" hits="25" branch="False" />
                <line number="15" hits="25" branch="False" />
                <line number="16" hits="25" branch="False" />
              </lines>
            </method>
          </methods>
          <lines>
            <line number="13" hits="25" branch="False" />
            <line number="14" hits="25" branch="False" />
            <line number="15" hits="25" branch="False" />
            <line number="16" hits="25" branch="False" />
          </lines>
        </class>
        <class name="Apha.FPSApps.Application.Services.PACT.ProjectInvoiceService/&lt;CreateAsync&gt;d__6" filename="Services\PACT\ProjectInvoiceService.cs" line-rate="1" branch-rate="1" complexity="1">
          <methods>
            <method name="MoveNext" signature="()" line-rate="1" branch-rate="1" complexity="1">
              <lines>
                <line number="30" hits="3" branch="False" />
              </lines>
            </method>
          </methods>
          <lines>
            <line number="30" hits="3" branch="False" />
          </lines>
        </class>
        <class name="Apha.FPSApps.Application.Services.PACT.ProjectInvoiceService/&lt;DeleteAsync&gt;d__8" filename="Services\PACT\ProjectInvoiceService.cs" line-rate="1" branch-rate="1" complexity="1">
          <methods>
            <method name="MoveNext" signature="()" line-rate="1" branch-rate="1" complexity="1">
              <lines>
                <line number="36" hits="4" branch="False" />
              </lines>
            </method>
          </methods>
          <lines>
            <line number="36" hits="4" branch="False" />
          </lines>
        </class>
        <class name="Apha.FPSApps.Application.Services.PACT.ProjectInvoiceService/&lt;GetByIdAsync&gt;d__5" filename="Services\PACT\ProjectInvoiceService.cs" line-rate="1" branch-rate="1" complexity="1">
          <methods>
            <method name="MoveNext" signature="()" line-rate="1" branch-rate="1" complexity="1">
              <lines>
                <line number="27" hits="4" branch="False" />
              </lines>
            </method>
          </methods>
          <lines>
            <line number="27" hits="4" branch="False" />
          </lines>
        </class>
        <class name="Apha.FPSApps.Application.Services.PACT.ProjectInvoiceService/&lt;GetMonthlyInvoicesSummaryAsync&gt;d__9" filename="Services\PACT\ProjectInvoiceService.cs" line-rate="1" branch-rate="1" complexity="1">
          <methods>
            <method name="MoveNext" signature="()" line-rate="1" branch-rate="1" complexity="1">
              <lines>
                <line number="39" hits="2" branch="False" />
              </lines>
            </method>
          </methods>
          <lines>
            <line number="39" hits="2" branch="False" />
          </lines>
        </class>
        <class name="Apha.FPSApps.Application.Services.PACT.ProjectInvoiceService/&lt;GetPagedProjectInvoiceManualAsync&gt;d__3" filename="Services\PACT\ProjectInvoiceService.cs" line-rate="0" branch-rate="1" complexity="1">
          <methods>
            <method name="MoveNext" signature="()" line-rate="0" branch-rate="1" complexity="1">
              <lines>
                <line number="21" hits="0" branch="False" />
              </lines>
            </method>
          </methods>
          <lines>
            <line number="21" hits="0" branch="False" />
          </lines>
        </class>
        <class name="Apha.FPSApps.Application.Services.PACT.ProjectInvoiceService/&lt;GetPagedProjectInvoicesAsync&gt;d__2" filename="Services\PACT\ProjectInvoiceService.cs" line-rate="1" branch-rate="1" complexity="1">
          <methods>
            <method name="MoveNext" signature="()" line-rate="1" branch-rate="1" complexity="1">
              <lines>
                <line number="19" hits="5" branch="False" />
              </lines>
            </method>
          </methods>
          <lines>
            <line number="19" hits="5" branch="False" />
          </lines>
        </class>
        <class name="Apha.FPSApps.Application.Services.PACT.ProjectInvoiceService/&lt;GetTotalAmountAsync&gt;d__4" filename="Services\PACT\ProjectInvoiceService.cs" line-rate="1" branch-rate="1" complexity="1">
          <methods>
            <method name="MoveNext" signature="()" line-rate="1" branch-rate="1" complexity="1">
              <lines>
                <line number="24" hits="4" branch="False" />
              </lines>
            </method>
          </methods>
          <lines>
            <line number="24" hits="4" branch="False" />
          </lines>
        </class>
        <class name="Apha.FPSApps.Application.Services.PACT.ProjectInvoiceService/&lt;UpdateAsync&gt;d__7" filename="Services\PACT\ProjectInvoiceService.cs" line-rate="1" branch-rate="1" complexity="1">
          <methods>
            <method name="MoveNext" signature="()" line-rate="1" branch-rate="1" complexity="1">
              <lines>
                <line number="33" hits="3" branch="False" />
              </lines>
            </method>
          </methods>
          <lines>
            <line number="33" hits="3" branch="False" />
          </lines>
        </class>
        <class name="Apha.FPSApps.Application.Services.PACT.ProjectJobCodeService" filename="Services\PACT\ProjectJobCodeService.cs" line-rate="1" branch-rate="1" complexity="1">
          <methods>
            <method name=".ctor" signature="(Apha.FPSApps.Application.Interfaces.PactApiClients.IPactApiClient)" line-rate="1" branch-rate="1" complexity="1">
              <lines>
                <line number="13" hits="22" branch="False" />
                <line number="14" hits="22" branch="False" />
                <line number="15" hits="22" branch="False" />
                <line number="16" hits="22" branch="False" />
              </lines>
            </method>
          </methods>
          <lines>
            <line number="13" hits="22" branch="False" />
            <line number="14" hits="22" branch="False" />
            <line number="15" hits="22" branch="False" />
            <line number="16" hits="22" branch="False" />
          </lines>
        </class>
        <class name="Apha.FPSApps.Application.Services.PACT.ProjectJobCodeService/&lt;CreateJobCodeAsync&gt;d__7" filename="Services\PACT\ProjectJobCodeService.cs" line-rate="1" branch-rate="1" complexity="1">
          <methods>
            <method name="MoveNext" signature="()" line-rate="1" branch-rate="1" complexity="1">
              <lines>
                <line number="34" hits="2" branch="False" />
              </lines>
            </method>
          </methods>
          <lines>
            <line number="34" hits="2" branch="False" />
          </lines>
        </class>
        <class name="Apha.FPSApps.Application.Services.PACT.ProjectJobCodeService/&lt;DeleteJobCodeAsync&gt;d__9" filename="Services\PACT\ProjectJobCodeService.cs" line-rate="1" branch-rate="1" complexity="1">
          <methods>
            <method name="MoveNext" signature="()" line-rate="1" branch-rate="1" complexity="1">
              <lines>
                <line number="40" hits="2" branch="False" />
              </lines>
            </method>
          </methods>
          <lines>
            <line number="40" hits="2" branch="False" />
          </lines>
        </class>
        <class name="Apha.FPSApps.Application.Services.PACT.ProjectJobCodeService/&lt;GetAllWorkGroupsAsync&gt;d__10" filename="Services\PACT\ProjectJobCodeService.cs" line-rate="1" branch-rate="1" complexity="1">
          <methods>
            <method name="MoveNext" signature="()" line-rate="1" branch-rate="1" complexity="1">
              <lines>
                <line number="43" hits="3" branch="False" />
              </lines>
            </method>
          </methods>
          <lines>
            <line number="43" hits="3" branch="False" />
          </lines>
        </class>
        <class name="Apha.FPSApps.Application.Services.PACT.ProjectJobCodeService/&lt;GetJobCodeByIdAsync&gt;d__5" filename="Services\PACT\ProjectJobCodeService.cs" line-rate="1" branch-rate="1" complexity="1">
          <methods>
            <method name="MoveNext" signature="()" line-rate="1" branch-rate="1" complexity="1">
              <lines>
                <line number="28" hits="2" branch="False" />
              </lines>
            </method>
          </methods>
          <lines>
            <line number="28" hits="2" branch="False" />
          </lines>
        </class>
        <class name="Apha.FPSApps.Application.Services.PACT.ProjectJobCodeService/&lt;GetJobCodesAsync&gt;d__2" filename="Services\PACT\ProjectJobCodeService.cs" line-rate="1" branch-rate="1" complexity="1">
          <methods>
            <method name="MoveNext" signature="()" line-rate="1" branch-rate="1" complexity="1">
              <lines>
                <line number="19" hits="3" branch="False" />
              </lines>
            </method>
          </methods>
          <lines>
            <line number="19" hits="3" branch="False" />
          </lines>
        </class>
        <class name="Apha.FPSApps.Application.Services.PACT.ProjectJobCodeService/&lt;GetJobCodesByProjectAsync&gt;d__3" filename="Services\PACT\ProjectJobCodeService.cs" line-rate="1" branch-rate="1" complexity="1">
          <methods>
            <method name="MoveNext" signature="()" line-rate="1" branch-rate="1" complexity="1">
              <lines>
                <line number="22" hits="3" branch="False" />
              </lines>
            </method>
          </methods>
          <lines>
            <line number="22" hits="3" branch="False" />
          </lines>
        </class>
        <class name="Apha.FPSApps.Application.Services.PACT.ProjectJobCodeService/&lt;GetPagedJobCodesAsync&gt;d__4" filename="Services\PACT\ProjectJobCodeService.cs" line-rate="1" branch-rate="1" complexity="1">
          <methods>
            <method name="MoveNext" signature="()" line-rate="1" branch-rate="1" complexity="1">
              <lines>
                <line number="25" hits="2" branch="False" />
              </lines>
            </method>
          </methods>
          <lines>
            <line number="25" hits="2" branch="False" />
          </lines>
        </class>
        <class name="Apha.FPSApps.Application.Services.PACT.ProjectJobCodeService/&lt;GetTypesAsync&gt;d__6" filename="Services\PACT\ProjectJobCodeService.cs" line-rate="1" branch-rate="1" complexity="1">
          <methods>
            <method name="MoveNext" signature="()" line-rate="1" branch-rate="1" complexity="1">
              <lines>
                <line number="31" hits="3" branch="False" />
              </lines>
            </method>
          </methods>
          <lines>
            <line number="31" hits="3" branch="False" />
          </lines>
        </class>
        <class name="Apha.FPSApps.Application.Services.PACT.ProjectJobCodeService/&lt;UpdateJobCodeAsync&gt;d__8" filename="Services\PACT\ProjectJobCodeService.cs" line-rate="1" branch-rate="1" complexity="1">
          <methods>
            <method name="MoveNext" signature="()" line-rate="1" branch-rate="1" complexity="1">
              <lines>
                <line number="37" hits="2" branch="False" />
              </lines>
            </method>
          </methods>
          <lines>
            <line number="37" hits="2" branch="False" />
          </lines>
        </class>
        <class name="Apha.FPSApps.Application.Services.PACT.ProjectMonthService" filename="Services\PACT\ProjectMonthService.cs" line-rate="1" branch-rate="1" complexity="1">
          <methods>
            <method name=".ctor" signature="(Apha.FPSApps.Application.Interfaces.PactApiClients.IPactApiClient)" line-rate="1" branch-rate="1" complexity="1">
              <lines>
                <line number="12" hits="15" branch="False" />
                <line number="13" hits="15" branch="False" />
                <line number="14" hits="15" branch="False" />
                <line number="15" hits="15" branch="False" />
              </lines>
            </method>
          </methods>
          <lines>
            <line number="12" hits="15" branch="False" />
            <line number="13" hits="15" branch="False" />
            <line number="14" hits="15" branch="False" />
            <line number="15" hits="15" branch="False" />
          </lines>
        </class>
        <class name="Apha.FPSApps.Application.Services.PACT.ProjectMonthService/&lt;CreateProjectMonthAsync&gt;d__4" filename="Services\PACT\ProjectMonthService.cs" line-rate="1" branch-rate="1" complexity="1">
          <methods>
            <method name="MoveNext" signature="()" line-rate="1" branch-rate="1" complexity="1">
              <lines>
                <line number="24" hits="3" branch="False" />
              </lines>
            </method>
          </methods>
          <lines>
            <line number="24" hits="3" branch="False" />
          </lines>
        </class>
        <class name="Apha.FPSApps.Application.Services.PACT.ProjectMonthService/&lt;DeleteProjectMonthAsync&gt;d__6" filename="Services\PACT\ProjectMonthService.cs" line-rate="1" branch-rate="1" complexity="1">
          <methods>
            <method name="MoveNext" signature="()" line-rate="1" branch-rate="1" complexity="1">
              <lines>
                <line number="30" hits="3" branch="False" />
              </lines>
            </method>
          </methods>
          <lines>
            <line number="30" hits="3" branch="False" />
          </lines>
        </class>
        <class name="Apha.FPSApps.Application.Services.PACT.ProjectMonthService/&lt;GetProjectMonthAsync&gt;d__3" filename="Services\PACT\ProjectMonthService.cs" line-rate="1" branch-rate="1" complexity="1">
          <methods>
            <method name="MoveNext" signature="()" line-rate="1" branch-rate="1" complexity="1">
              <lines>
                <line number="21" hits="3" branch="False" />
              </lines>
            </method>
          </methods>
          <lines>
            <line number="21" hits="3" branch="False" />
          </lines>
        </class>
        <class name="Apha.FPSApps.Application.Services.PACT.ProjectMonthService/&lt;GetProjectMonthByProjectAsync&gt;d__2" filename="Services\PACT\ProjectMonthService.cs" line-rate="1" branch-rate="1" complexity="1">
          <methods>
            <method name="MoveNext" signature="()" line-rate="1" branch-rate="1" complexity="1">
              <lines>
                <line number="18" hits="3" branch="False" />
              </lines>
            </method>
          </methods>
          <lines>
            <line number="18" hits="3" branch="False" />
          </lines>
        </class>
        <class name="Apha.FPSApps.Application.Services.PACT.ProjectMonthService/&lt;UpdateProjectMonthAsync&gt;d__5" filename="Services\PACT\ProjectMonthService.cs" line-rate="1" branch-rate="1" complexity="1">
          <methods>
            <method name="MoveNext" signature="()" line-rate="1" branch-rate="1" complexity="1">
              <lines>
                <line number="27" hits="3" branch="False" />
              </lines>
            </method>
          </methods>
          <lines>
            <line number="27" hits="3" branch="False" />
          </lines>
        </class>
        <class name="Apha.FPSApps.Application.Services.PACT.ProjectProfileService" filename="Services\PACT\ProjectProfileService.cs" line-rate="1" branch-rate="1" complexity="1">
          <methods>
            <method name=".ctor" signature="(Apha.FPSApps.Application.Interfaces.PactApiClients.IPactApiClient)" line-rate="1" branch-rate="1" complexity="1">
              <lines>
                <line number="12" hits="6" branch="False" />
                <line number="13" hits="6" branch="False" />
                <line number="14" hits="6" branch="False" />
                <line number="15" hits="6" branch="False" />
              </lines>
            </method>
          </methods>
          <lines>
            <line number="12" hits="6" branch="False" />
            <line number="13" hits="6" branch="False" />
            <line number="14" hits="6" branch="False" />
            <line number="15" hits="6" branch="False" />
          </lines>
        </class>
        <class name="Apha.FPSApps.Application.Services.PACT.ProjectProfileService/&lt;GetCumulativeDataAsync&gt;d__3" filename="Services\PACT\ProjectProfileService.cs" line-rate="1" branch-rate="1" complexity="1">
          <methods>
            <method name="MoveNext" signature="()" line-rate="1" branch-rate="1" complexity="1">
              <lines>
                <line number="21" hits="3" branch="False" />
              </lines>
            </method>
          </methods>
          <lines>
            <line number="21" hits="3" branch="False" />
          </lines>
        </class>
        <class name="Apha.FPSApps.Application.Services.PACT.ProjectProfileService/&lt;GetProfileDataAsync&gt;d__2" filename="Services\PACT\ProjectProfileService.cs" line-rate="1" branch-rate="1" complexity="1">
          <methods>
            <method name="MoveNext" signature="()" line-rate="1" branch-rate="1" complexity="1">
              <lines>
                <line number="18" hits="3" branch="False" />
              </lines>
            </method>
          </methods>
          <lines>
            <line number="18" hits="3" branch="False" />
          </lines>
        </class>
        <class name="Apha.FPSApps.Application.Services.PACT.ProjectSubContractService" filename="Services\PACT\ProjectSubContractService.cs" line-rate="1" branch-rate="1" complexity="1">
          <methods>
            <method name=".ctor" signature="(Apha.FPSApps.Application.Interfaces.PactApiClients.IPactApiClient)" line-rate="1" branch-rate="1" complexity="1">
              <lines>
                <line number="13" hits="26" branch="False" />
                <line number="14" hits="26" branch="False" />
                <line number="15" hits="26" branch="False" />
                <line number="16" hits="26" branch="False" />
              </lines>
            </method>
          </methods>
          <lines>
            <line number="13" hits="26" branch="False" />
            <line number="14" hits="26" branch="False" />
            <line number="15" hits="26" branch="False" />
            <line number="16" hits="26" branch="False" />
          </lines>
        </class>
        <class name="Apha.FPSApps.Application.Services.PACT.ProjectSubContractService/&lt;CreateAsync&gt;d__6" filename="Services\PACT\ProjectSubContractService.cs" line-rate="1" branch-rate="1" complexity="1">
          <methods>
            <method name="MoveNext" signature="()" line-rate="1" branch-rate="1" complexity="1">
              <lines>
                <line number="31" hits="2" branch="False" />
              </lines>
            </method>
          </methods>
          <lines>
            <line number="31" hits="2" branch="False" />
          </lines>
        </class>
        <class name="Apha.FPSApps.Application.Services.PACT.ProjectSubContractService/&lt;DeleteAsync&gt;d__8" filename="Services\PACT\ProjectSubContractService.cs" line-rate="1" branch-rate="1" complexity="1">
          <methods>
            <method name="MoveNext" signature="()" line-rate="1" branch-rate="1" complexity="1">
              <lines>
                <line number="37" hits="2" branch="False" />
              </lines>
            </method>
          </methods>
          <lines>
            <line number="37" hits="2" branch="False" />
          </lines>
        </class>
        <class name="Apha.FPSApps.Application.Services.PACT.ProjectSubContractService/&lt;GetByIdAsync&gt;d__5" filename="Services\PACT\ProjectSubContractService.cs" line-rate="1" branch-rate="1" complexity="1">
          <methods>
            <method name="MoveNext" signature="()" line-rate="1" branch-rate="1" complexity="1">
              <lines>
                <line number="28" hits="2" branch="False" />
              </lines>
            </method>
          </methods>
          <lines>
            <line number="28" hits="2" branch="False" />
          </lines>
        </class>
        <class name="Apha.FPSApps.Application.Services.PACT.ProjectSubContractService/&lt;GetFpsProjectSubContractTotalAmountAsync&gt;d__10" filename="Services\PACT\ProjectSubContractService.cs" line-rate="1" branch-rate="1" complexity="1">
          <methods>
            <method name="MoveNext" signature="()" line-rate="1" branch-rate="1" complexity="1">
              <lines>
                <line number="43" hits="2" branch="False" />
              </lines>
            </method>
          </methods>
          <lines>
            <line number="43" hits="2" branch="False" />
          </lines>
        </class>
        <class name="Apha.FPSApps.Application.Services.PACT.ProjectSubContractService/&lt;GetFpsProjectSubContractsAsync&gt;d__9" filename="Services\PACT\ProjectSubContractService.cs" line-rate="1" branch-rate="1" complexity="1">
          <methods>
            <method name="MoveNext" signature="()" line-rate="1" branch-rate="1" complexity="1">
              <lines>
                <line number="40" hits="3" branch="False" />
              </lines>
            </method>
          </methods>
          <lines>
            <line number="40" hits="3" branch="False" />
          </lines>
        </class>
        <class name="Apha.FPSApps.Application.Services.PACT.ProjectSubContractService/&lt;GetMonthlySubContractsSummaryAsync&gt;d__11" filename="Services\PACT\ProjectSubContractService.cs" line-rate="1" branch-rate="1" complexity="1">
          <methods>
            <method name="MoveNext" signature="()" line-rate="1" branch-rate="1" complexity="1">
              <lines>
                <line number="46" hits="4" branch="False" />
              </lines>
            </method>
          </methods>
          <lines>
            <line number="46" hits="4" branch="False" />
          </lines>
        </class>
        <class name="Apha.FPSApps.Application.Services.PACT.ProjectSubContractService/&lt;GetPagedProjectSubContractsAsync&gt;d__2" filename="Services\PACT\ProjectSubContractService.cs" line-rate="1" branch-rate="1" complexity="1">
          <methods>
            <method name="MoveNext" signature="()" line-rate="1" branch-rate="1" complexity="1">
              <lines>
                <line number="19" hits="3" branch="False" />
              </lines>
            </method>
          </methods>
          <lines>
            <line number="19" hits="3" branch="False" />
          </lines>
        </class>
        <class name="Apha.FPSApps.Application.Services.PACT.ProjectSubContractService/&lt;GetPagedProjectSubContractsManualAsync&gt;d__3" filename="Services\PACT\ProjectSubContractService.cs" line-rate="1" branch-rate="1" complexity="1">
          <methods>
            <method name="MoveNext" signature="()" line-rate="1" branch-rate="1" complexity="1">
              <lines>
[...]
            </method>
            <method name="get_Inflation" signature="()" line-rate="0" branch-rate="1" complexity="1">
              <lines>
                <line number="10" hits="0" branch="False" />
              </lines>
            </method>
            <method name="get_FinancialYears" signature="()" line-rate="0" branch-rate="1" complexity="1">
              <lines>
                <line number="11" hits="0" branch="False" />
              </lines>
            </method>
            <method name="get_EuroConvRate" signature="()" line-rate="0" branch-rate="1" complexity="1">
              <lines>
                <line number="12" hits="0" branch="False" />
              </lines>
            </method>
            <method name="get_IsDefraProject" signature="()" line-rate="0" branch-rate="1" complexity="1">
              <lines>
                <line number="13" hits="0" branch="False" />
              </lines>
            </method>
          </methods>
          <lines>
            <line number="5" hits="3" branch="False" />
            <line number="6" hits="1" branch="False" />
            <line number="7" hits="0" branch="False" />
            <line number="8" hits="0" branch="False" />
            <line number="9" hits="0" branch="False" />
            <line number="10" hits="0" branch="False" />
            <line number="11" hits="0" branch="False" />
            <line number="12" hits="0" branch="False" />
            <line number="13" hits="0" branch="False" />
          </lines>
        </class>
        <class name="Apha.FPSApps.Application.Dtos.CostBook.ProjectYearCostSummaryDto" filename="Dtos\CostBook\ProjectYearCostSummaryDto.cs" line-rate="1" branch-rate="1" complexity="7">
          <methods>
            <method name="get_Project" signature="()" line-rate="1" branch-rate="1" complexity="1">
              <lines>
                <line number="5" hits="5" branch="False" />
              </lines>
            </method>
            <method name="get_Year" signature="()" line-rate="1" branch-rate="1" complexity="1">
              <lines>
                <line number="6" hits="3" branch="False" />
              </lines>
            </method>
            <method name="get_StaffCostTotal" signature="()" line-rate="1" branch-rate="1" complexity="1">
              <lines>
                <line number="7" hits="2" branch="False" />
              </lines>
            </method>
            <method name="get_TestCostTotal" signature="()" line-rate="1" branch-rate="1" complexity="1">
              <lines>
                <line number="8" hits="2" branch="False" />
              </lines>
            </method>
            <method name="get_AnimalCostTotal" signature="()" line-rate="1" branch-rate="1" complexity="1">
              <lines>
                <line number="9" hits="2" branch="False" />
              </lines>
            </method>
            <method name="get_AdditionalCostTotal" signature="()" line-rate="1" branch-rate="1" complexity="1">
              <lines>
                <line number="10" hits="2" branch="False" />
              </lines>
            </method>
            <method name="get_GrandTotal" signature="()" line-rate="1" branch-rate="1" complexity="1">
              <lines>
                <line number="11" hits="2" branch="False" />
              </lines>
            </method>
          </methods>
          <lines>
            <line number="5" hits="5" branch="False" />
            <line number="6" hits="3" branch="False" />
            <line number="7" hits="2" branch="False" />
            <line number="8" hits="2" branch="False" />
            <line number="9" hits="2" branch="False" />
            <line number="10" hits="2" branch="False" />
            <line number="11" hits="2" branch="False" />
          </lines>
        </class>
        <class name="Apha.FPSApps.Application.Dtos.CostBook.ProjectYearDto" filename="Dtos\CostBook\ProjectYearDto.cs" line-rate="0.1818" branch-rate="1" complexity="11">
          <methods>
            <method name="get_Project" signature="()" line-rate="1" branch-rate="1" complexity="1">
              <lines>
                <line number="5" hits="8" branch="False" />
              </lines>
            </method>
            <method name="get_YearValue" signature="()" line-rate="1" branch-rate="1" complexity="1">
              <lines>
                <line number="6" hits="7" branch="False" />
              </lines>
            </method>
            <method name="get_MarkupTime" signature="()" line-rate="0" branch-rate="1" complexity="1">
              <lines>
                <line number="7" hits="0" branch="False" />
              </lines>
            </method>
            <method name="get_MarkupTests" signature="()" line-rate="0" branch-rate="1" complexity="1">
              <lines>
                <line number="8" hits="0" branch="False" />
              </lines>
            </method>
            <method name="get_MarkupAnimals" signature="()" line-rate="0" branch-rate="1" complexity="1">
              <lines>
                <line number="9" hits="0" branch="False" />
              </lines>
            </method>
            <method name="get_MarkupAdditional" signature="()" line-rate="0" branch-rate="1" complexity="1">
              <lines>
                <line number="10" hits="0" branch="False" />
              </lines>
            </method>
            <method name="get_ProfitTime" signature="()" line-rate="0" branch-rate="1" complexity="1">
              <lines>
                <line number="11" hits="0" branch="False" />
              </lines>
            </method>
            <method name="get_ProfitTests" signature="()" line-rate="0" branch-rate="1" complexity="1">
              <lines>
                <line number="12" hits="0" branch="False" />
              </lines>
            </method>
            <method name="get_ProfitAnimals" signature="()" line-rate="0" branch-rate="1" complexity="1">
              <lines>
                <line number="13" hits="0" branch="False" />
              </lines>
            </method>
            <method name="get_ProfitAdditional" signature="()" line-rate="0" branch-rate="1" complexity="1">
              <lines>
                <line number="14" hits="0" branch="False" />
              </lines>
            </method>
            <method name="get_Programme" signature="()" line-rate="0" branch-rate="1" complexity="1">
              <lines>
                <line number="15" hits="0" branch="False" />
              </lines>
            </method>
          </methods>
          <lines>
            <line number="5" hits="8" branch="False" />
            <line number="6" hits="7" branch="False" />
            <line number="7" hits="0" branch="False" />
            <line number="8" hits="0" branch="False" />
            <line number="9" hits="0" branch="False" />
            <line number="10" hits="0" branch="False" />
            <line number="11" hits="0" branch="False" />
            <line number="12" hits="0" branch="False" />
            <line number="13" hits="0" branch="False" />
            <line number="14" hits="0" branch="False" />
            <line number="15" hits="0" branch="False" />
          </lines>
        </class>
        <class name="Apha.FPSApps.Application.Dtos.CostBook.StaffDto" filename="Dtos\CostBook\StaffDto.cs" line-rate="0.6666" branch-rate="1" complexity="3">
          <methods>
            <method name="get_Mnumber" signature="()" line-rate="1" branch-rate="1" complexity="1">
              <lines>
                <line number="11" hits="4" branch="False" />
              </lines>
            </method>
            <method name="get_Name" signature="()" line-rate="1" branch-rate="1" complexity="1">
              <lines>
                <line number="13" hits="4" branch="False" />
              </lines>
            </method>
            <method name="get_Dt2number" signature="()" line-rate="0" branch-rate="1" complexity="1">
              <lines>
                <line number="15" hits="0" branch="False" />
              </lines>
            </method>
          </methods>
          <lines>
            <line number="11" hits="4" branch="False" />
            <line number="13" hits="4" branch="False" />
            <line number="15" hits="0" branch="False" />
          </lines>
        </class>
        <class name="Apha.FPSApps.Application.Dtos.CostBook.StaffEffortPivotDto" filename="Dtos\CostBook\StaffEffortPivotDto.cs" line-rate="1" branch-rate="1" complexity="3">
          <methods>
            <method name="get_Years" signature="()" line-rate="1" branch-rate="1" complexity="1">
              <lines>
                <line number="5" hits="5" branch="False" />
              </lines>
            </method>
            <method name="get_Rows" signature="()" line-rate="1" branch-rate="1" complexity="1">
              <lines>
                <line number="6" hits="3" branch="False" />
              </lines>
            </method>
            <method name="get_TotalCount" signature="()" line-rate="1" branch-rate="1" complexity="1">
              <lines>
                <line number="7" hits="1" branch="False" />
              </lines>
            </method>
          </methods>
          <lines>
            <line number="5" hits="5" branch="False" />
            <line number="6" hits="3" branch="False" />
            <line number="7" hits="1" branch="False" />
          </lines>
        </class>
        <class name="Apha.FPSApps.Application.Dtos.CostBook.StaffEffortRowDto" filename="Dtos\CostBook\StaffEffortRowDto.cs" line-rate="0" branch-rate="1" complexity="6">
          <methods>
            <method name="get_Project" signature="()" line-rate="0" branch-rate="1" complexity="1">
              <lines>
                <line number="5" hits="0" branch="False" />
              </lines>
            </method>
            <method name="get_WorkGroup" signature="()" line-rate="0" branch-rate="1" complexity="1">
              <lines>
                <line number="6" hits="0" branch="False" />
              </lines>
            </method>
            <method name="get_GradeCode" signature="()" line-rate="0" branch-rate="1" complexity="1">
              <lines>
                <line number="7" hits="0" branch="False" />
              </lines>
            </method>
            <method name="get_Name" signature="()" line-rate="0" branch-rate="1" complexity="1">
              <lines>
                <line number="8" hits="0" branch="False" />
              </lines>
            </method>
            <method name="get_Total" signature="()" line-rate="0" branch-rate="1" complexity="1">
              <lines>
                <line number="9" hits="0" branch="False" />
              </lines>
            </method>
            <method name="get_YearlyAmounts" signature="()" line-rate="0" branch-rate="1" complexity="1">
              <lines>
                <line number="10" hits="0" branch="False" />
              </lines>
            </method>
          </methods>
          <lines>
            <line number="5" hits="0" branch="False" />
            <line number="6" hits="0" branch="False" />
            <line number="7" hits="0" branch="False" />
            <line number="8" hits="0" branch="False" />
            <line number="9" hits="0" branch="False" />
            <line number="10" hits="0" branch="False" />
          </lines>
        </class>
        <class name="Apha.FPSApps.Application.Dtos.CostBook.StaffRequirementDto" filename="Dtos\CostBook\StaffRequirementDto.cs" line-rate="0.1666" branch-rate="1" complexity="12">
          <methods>
            <method name="get_SrIdentity" signature="()" line-rate="1" branch-rate="1" complexity="1">
              <lines>
                <line number="5" hits="3" branch="False" />
              </lines>
            </method>
            <method name="get_Project" signature="()" line-rate="0" branch-rate="1" complexity="1">
              <lines>
                <line number="6" hits="0" branch="False" />
              </lines>
            </method>
            <method name="get_Year" signature="()" line-rate="0" branch-rate="1" complexity="1">
              <lines>
                <line number="7" hits="0" branch="False" />
              </lines>
            </method>
            <method name="get_WgGrade" signature="()" line-rate="1" branch-rate="1" complexity="1">
              <lines>
                <line number="8" hits="7" branch="False" />
              </lines>
            </method>
            <method name="get_Name" signature="()" line-rate="0" branch-rate="1" complexity="1">
              <lines>
                <line number="9" hits="0" branch="False" />
              </lines>
            </method>
            <method name="get_Nohours" signature="()" line-rate="0" branch-rate="1" complexity="1">
              <lines>
                <line number="10" hits="0" branch="False" />
              </lines>
            </method>
            <method name="get_Nodays" signature="()" line-rate="0" branch-rate="1" complexity="1">
              <lines>
                <line number="11" hits="0" branch="False" />
              </lines>
            </method>
            <method name="get_Chargerate" signature="()" line-rate="0" branch-rate="1" complexity="1">
              <lines>
                <line number="12" hits="0" branch="False" />
              </lines>
            </method>
            <method name="get_StaffCost" signature="()" line-rate="0" branch-rate="1" complexity="1">
              <lines>
                <line number="13" hits="0" branch="False" />
              </lines>
            </method>
            <method name="get_Payrate" signature="()" line-rate="0" branch-rate="1" complexity="1">
              <lines>
                <line number="14" hits="0" branch="False" />
              </lines>
            </method>
            <method name="get_Npr" signature="()" line-rate="0" branch-rate="1" complexity="1">
              <lines>
                <line number="15" hits="0" branch="False" />
              </lines>
            </method>
            <method name="get_Ohr" signature="()" line-rate="0" branch-rate="1" complexity="1">
              <lines>
                <line number="16" hits="0" branch="False" />
              </lines>
            </method>
          </methods>
          <lines>
            <line number="5" hits="3" branch="False" />
            <line number="6" hits="0" branch="False" />
            <line number="7" hits="0" branch="False" />
            <line number="8" hits="7" branch="False" />
            <line number="9" hits="0" branch="False" />
            <line number="10" hits="0" branch="False" />
            <line number="11" hits="0" branch="False" />
            <line number="12" hits="0" branch="False" />
            <line number="13" hits="0" branch="False" />
            <line number="14" hits="0" branch="False" />
            <line number="15" hits="0" branch="False" />
            <line number="16" hits="0" branch="False" />
          </lines>
        </class>
        <class name="Apha.FPSApps.Application.Dtos.CostBook.StaffYearsPivotDto" filename="Dtos\CostBook\StaffYearsPivotDto.cs" line-rate="1" branch-rate="1" complexity="3">
          <methods>
            <method name="get_Years" signature="()" line-rate="1" branch-rate="1" complexity="1">
              <lines>
                <line number="5" hits="5" branch="False" />
              </lines>
            </method>
            <method name="get_Rows" signature="()" line-rate="1" branch-rate="1" complexity="1">
              <lines>
                <line number="6" hits="3" branch="False" />
              </lines>
            </method>
            <method name="get_TotalCount" signature="()" line-rate="1" branch-rate="1" complexity="1">
              <lines>
                <line number="7" hits="1" branch="False" />
              </lines>
            </method>
          </methods>
          <lines>
            <line number="5" hits="5" branch="False" />
            <line number="6" hits="3" branch="False" />
            <line number="7" hits="1" branch="False" />
          </lines>
        </class>
        <class name="Apha.FPSApps.Application.Dtos.CostBook.StaffYearsRowDto" filename="Dtos\CostBook\StaffYearsRowDto.cs" line-rate="0" branch-rate="1" complexity="4">
          <methods>
            <method name="get_Project" signature="()" line-rate="0" branch-rate="1" complexity="1">
              <lines>
                <line number="5" hits="0" branch="False" />
              </lines>
            </method>
            <method name="get_Grade" signature="()" line-rate="0" branch-rate="1" complexity="1">
              <lines>
                <line number="6" hits="0" branch="False" />
              </lines>
            </method>
            <method name="get_Total" signature="()" line-rate="0" branch-rate="1" complexity="1">
              <lines>
                <line number="7" hits="0" branch="False" />
              </lines>
            </method>
            <method name="get_YearlyAmounts" signature="()" line-rate="0" branch-rate="1" complexity="1">
              <lines>
                <line number="8" hits="0" branch="False" />
              </lines>
            </method>
          </methods>
          <lines>
            <line number="5" hits="0" branch="False" />
            <line number="6" hits="0" branch="False" />
            <line number="7" hits="0" branch="False" />
            <line number="8" hits="0" branch="False" />
          </lines>
        </class>
        <class name="Apha.FPSApps.Application.Dtos.CostBook.TestRequirementDto" filename="Dtos\CostBook\TestRequirementDto.cs" line-rate="0.2857" branch-rate="1" complexity="7">
          <methods>
            <method name="get_Project" signature="()" line-rate="1" branch-rate="1" complexity="1">
              <lines>
                <line number="5" hits="5" branch="False" />
              </lines>
            </method>
            <method name="get_Year" signature="()" line-rate="0" branch-rate="1" complexity="1">
              <lines>
                <line number="6" hits="0" branch="False" />
              </lines>
            </method>
            <method name="get_TestCode" signature="()" line-rate="1" branch-rate="1" complexity="1">
              <lines>
                <line number="7" hits="10" branch="False" />
              </lines>
            </method>
            <method name="get_NumberOfTests" signature="()" line-rate="0" branch-rate="1" complexity="1">
              <lines>
                <line number="8" hits="0" branch="False" />
              </lines>
            </method>
            <method name="get_UnitPrice" signature="()" line-rate="0" branch-rate="1" complexity="1">
              <lines>
                <line number="9" hits="0" branch="False" />
              </lines>
            </method>
            <method name="get_TestCost" signature="()" line-rate="0" branch-rate="1" complexity="1">
              <lines>
                <line number="10" hits="0" branch="False" />
              </lines>
            </method>
            <method name="get_TestDescription" signature="()" line-rate="0" branch-rate="1" complexity="1">
              <lines>
                <line number="11" hits="0" branch="False" />
              </lines>
            </method>
          </methods>
          <lines>
            <line number="5" hits="5" branch="False" />
            <line number="6" hits="0" branch="False" />
            <line number="7" hits="10" branch="False" />
            <line number="8" hits="0" branch="False" />
            <line number="9" hits="0" branch="False" />
            <line number="10" hits="0" branch="False" />
            <line number="11" hits="0" branch="False" />
          </lines>
        </class>
      </classes>
    </package>
  </packages>
</coverage>